build/outputs/logs/manifest-merger-debug-report.txt
-- Merging decision tree log ---
manifest
ADDED from Administrator\Launcher3_gz\AndroidManifest.xml:20:1-228:12
	package
		ADDED from Administrator\Launcher3_gz\AndroidManifest.xml:22:5-36
		INJECTED from Administrator\Launcher3_gz\AndroidManifest.xml
		INJECTED from Administrator\Launcher3_gz\AndroidManifest.xml
	xmlns:android
		ADDED from Administrator\Launcher3_gz\AndroidManifest.xml:21:5-63
uses-sdk
ADDED from Administrator\Launcher3_gz\AndroidManifest.xml:23:5-73
MERGED from [Launcher3_gz:WallpaperPicker:unspecified] AndroidManifest.xml:7:5-9:41
	android:targetSdkVersion
		ADDED from Administrator\Launcher3_gz\AndroidManifest.xml:23:15-44
		INJECTED from Administrator\Launcher3_gz\AndroidManifest.xml
		INJECTED from Administrator\Launcher3_gz\AndroidManifest.xml
	android:minSdkVersion
		ADDED from Administrator\Launcher3_gz\AndroidManifest.xml:23:45-71
		INJECTED from Administrator\Launcher3_gz\AndroidManifest.xml
		INJECTED from Administrator\Launcher3_gz\AndroidManifest.xml
permission#com.android.launcher.permission.INSTALL_SHORTCUT
ADDED from Administrator\Launcher3_gz\AndroidManifest.xml:25:5-30:67
	android:label
		ADDED from Administrator\Launcher3_gz\AndroidManifest.xml:29:9-57
	android:protectionLevel
		ADDED from Administrator\Launcher3_gz\AndroidManifest.xml:28:9-44
	android:permissionGroup
		ADDED from Administrator\Launcher3_gz\AndroidManifest.xml:27:9-72
	android:description
		ADDED from Administrator\Launcher3_gz\AndroidManifest.xml:30:9-64
	android:name
		ADDED from Administrator\Launcher3_gz\AndroidManifest.xml:26:9-72
permission#com.android.launcher.permission.UNINSTALL_SHORTCUT
ADDED from Administrator\Launcher3_gz\AndroidManifest.xml:31:5-36:68
	android:label
		ADDED from Administrator\Launcher3_gz\AndroidManifest.xml:35:9-59
	android:protectionLevel
		ADDED from Administrator\Launcher3_gz\AndroidManifest.xml:34:9-44
	android:permissionGroup
		ADDED from Administrator\Launcher3_gz\AndroidManifest.xml:33:9-72
	android:description
		ADDED from Administrator\Launcher3_gz\AndroidManifest.xml:36:9-66
	android:name
		ADDED from Administrator\Launcher3_gz\AndroidManifest.xml:32:9-74
permission#com.android.launcher3.permission.READ_SETTINGS_DH
ADDED from Administrator\Launcher3_gz\AndroidManifest.xml:37:5-42:63
	android:label
		ADDED from Administrator\Launcher3_gz\AndroidManifest.xml:41:9-54
	android:protectionLevel
		ADDED from Administrator\Launcher3_gz\AndroidManifest.xml:40:9-41
	android:permissionGroup
		ADDED from Administrator\Launcher3_gz\AndroidManifest.xml:39:9-72
	android:description
		ADDED from Administrator\Launcher3_gz\AndroidManifest.xml:42:9-61
	android:name
		ADDED from Administrator\Launcher3_gz\AndroidManifest.xml:38:9-73
permission#com.android.launcher3.permission.WRITE_SETTINGS_DH
ADDED from Administrator\Launcher3_gz\AndroidManifest.xml:43:5-48:64
	android:label
		ADDED from Administrator\Launcher3_gz\AndroidManifest.xml:47:9-55
	android:protectionLevel
		ADDED from Administrator\Launcher3_gz\AndroidManifest.xml:46:9-52
	android:permissionGroup
		ADDED from Administrator\Launcher3_gz\AndroidManifest.xml:45:9-72
	android:description
		ADDED from Administrator\Launcher3_gz\AndroidManifest.xml:48:9-62
	android:name
		ADDED from Administrator\Launcher3_gz\AndroidManifest.xml:44:9-74
permission#com.android.launcher3.permission.RECEIVE_LAUNCH_BROADCASTS_DH
ADDED from Administrator\Launcher3_gz\AndroidManifest.xml:49:5-52:11
	android:protectionLevel
		ADDED from Administrator\Launcher3_gz\AndroidManifest.xml:51:9-44
	android:name
		ADDED from Administrator\Launcher3_gz\AndroidManifest.xml:50:9-85
permission#com.android.launcher3.permission.RECEIVE_FIRST_LOAD_BROADCAST_DH
ADDED from Administrator\Launcher3_gz\AndroidManifest.xml:53:5-55:55
	android:protectionLevel
		ADDED from Administrator\Launcher3_gz\AndroidManifest.xml:55:9-52
	android:name
		ADDED from Administrator\Launcher3_gz\AndroidManifest.xml:54:9-88
uses-permission#android.permission.CALL_PHONE
ADDED from Administrator\Launcher3_gz\AndroidManifest.xml:57:5-69
	android:name
		ADDED from Administrator\Launcher3_gz\AndroidManifest.xml:57:22-66
uses-permission#android.permission.SET_WALLPAPER
ADDED from Administrator\Launcher3_gz\AndroidManifest.xml:58:5-72
	android:name
		ADDED from Administrator\Launcher3_gz\AndroidManifest.xml:58:22-69
uses-permission#android.permission.SET_WALLPAPER_HINTS
ADDED from Administrator\Launcher3_gz\AndroidManifest.xml:59:5-78
	android:name
		ADDED from Administrator\Launcher3_gz\AndroidManifest.xml:59:22-75
uses-permission#android.permission.VIBRATE
ADDED from Administrator\Launcher3_gz\AndroidManifest.xml:60:5-66
	android:name
		ADDED from Administrator\Launcher3_gz\AndroidManifest.xml:60:22-63
uses-permission#android.permission.BIND_APPWIDGET
ADDED from Administrator\Launcher3_gz\AndroidManifest.xml:61:5-73
	android:name
		ADDED from Administrator\Launcher3_gz\AndroidManifest.xml:61:22-70
uses-permission#android.permission.GET_ACCOUNTS
ADDED from Administrator\Launcher3_gz\AndroidManifest.xml:62:5-71
	android:name
		ADDED from Administrator\Launcher3_gz\AndroidManifest.xml:62:22-68
uses-permission#android.permission.READ_EXTERNAL_STORAGE
ADDED from Administrator\Launcher3_gz\AndroidManifest.xml:63:5-80
	android:name
		ADDED from Administrator\Launcher3_gz\AndroidManifest.xml:63:22-77
uses-permission#android.permission.BROADCAST_STICKY
ADDED from Administrator\Launcher3_gz\AndroidManifest.xml:64:5-74
	android:name
		ADDED from Administrator\Launcher3_gz\AndroidManifest.xml:64:22-72
uses-permission#android.permission.RECEIVE_BOOT_COMPLETED
ADDED from Administrator\Launcher3_gz\AndroidManifest.xml:65:5-81
	android:name
		ADDED from Administrator\Launcher3_gz\AndroidManifest.xml:65:22-78
uses-permission#com.android.launcher.permission.READ_SETTINGS
ADDED from Administrator\Launcher3_gz\AndroidManifest.xml:66:5-85
	android:name
		ADDED from Administrator\Launcher3_gz\AndroidManifest.xml:66:22-82
uses-permission#com.android.launcher.permission.WRITE_SETTINGS
ADDED from Administrator\Launcher3_gz\AndroidManifest.xml:67:5-86
	android:name
		ADDED from Administrator\Launcher3_gz\AndroidManifest.xml:67:22-83
uses-permission#com.android.launcher3.permission.READ_SETTINGS_DH
ADDED from Administrator\Launcher3_gz\AndroidManifest.xml:68:5-89
	android:name
		ADDED from Administrator\Launcher3_gz\AndroidManifest.xml:68:22-86
uses-permission#com.android.launcher3.permission.WRITE_SETTINGS_DH
ADDED from Administrator\Launcher3_gz\AndroidManifest.xml:69:5-90
	android:name
		ADDED from Administrator\Launcher3_gz\AndroidManifest.xml:69:22-87
uses-permission#com.android.launcher3.permission.RECEIVE_LAUNCH_BROADCASTS_DH
ADDED from Administrator\Launcher3_gz\AndroidManifest.xml:70:5-101
	android:name
		ADDED from Administrator\Launcher3_gz\AndroidManifest.xml:70:22-98
uses-permission#com.android.launcher3.permission.RECEIVE_FIRST_LOAD_BROADCAST_DH
ADDED from Administrator\Launcher3_gz\AndroidManifest.xml:71:5-104
	android:name
		ADDED from Administrator\Launcher3_gz\AndroidManifest.xml:71:22-101
application
ADDED from Administrator\Launcher3_gz\AndroidManifest.xml:73:5-227:19
	android:backupAgent
		ADDED from Administrator\Launcher3_gz\AndroidManifest.xml:76:9-78
	android:label
		ADDED from Administrator\Launcher3_gz\AndroidManifest.xml:79:9-49
	android:supportsRtl
		ADDED from Administrator\Launcher3_gz\AndroidManifest.xml:82:9-35
	android:hardwareAccelerated
		ADDED from Administrator\Launcher3_gz\AndroidManifest.xml:77:9-43
	android:allowBackup
		ADDED from Administrator\Launcher3_gz\AndroidManifest.xml:75:9-50
	android:icon
		ADDED from Administrator\Launcher3_gz\AndroidManifest.xml:78:9-48
	android:largeHeap
		ADDED from Administrator\Launcher3_gz\AndroidManifest.xml:80:9-51
	android:restoreAnyVersion
		ADDED from Administrator\Launcher3_gz\AndroidManifest.xml:81:9-41
	android:name
		ADDED from Administrator\Launcher3_gz\AndroidManifest.xml:74:9-65
activity#com.android.launcher3.Launcher
ADDED from Administrator\Launcher3_gz\AndroidManifest.xml:84:9-99:20
	android:clearTaskOnLaunch
		ADDED from Administrator\Launcher3_gz\AndroidManifest.xml:87:13-45
	android:screenOrientation
		ADDED from Administrator\Launcher3_gz\AndroidManifest.xml:91:13-49
	android:stateNotNeeded
		ADDED from Administrator\Launcher3_gz\AndroidManifest.xml:88:13-42
	android:launchMode
		ADDED from Administrator\Launcher3_gz\AndroidManifest.xml:86:13-44
	android:windowSoftInputMode
		ADDED from Administrator\Launcher3_gz\AndroidManifest.xml:90:13-52
	android:theme
		ADDED from Administrator\Launcher3_gz\AndroidManifest.xml:89:13-41
	android:name
		ADDED from Administrator\Launcher3_gz\AndroidManifest.xml:85:13-58
intent-filter#android.intent.action.MAIN+android.intent.category.DEFAULT+android.intent.category.HOME+android.intent.category.LAUNCHER+android.intent.category.MONKEY
ADDED from Administrator\Launcher3_gz\AndroidManifest.xml:92:13-98:29
action#android.intent.action.MAIN
ADDED from Administrator\Launcher3_gz\AndroidManifest.xml:93:17-69
	android:name
		ADDED from Administrator\Launcher3_gz\AndroidManifest.xml:93:25-66
category#android.intent.category.HOME
ADDED from Administrator\Launcher3_gz\AndroidManifest.xml:94:17-73
	android:name
		ADDED from Administrator\Launcher3_gz\AndroidManifest.xml:94:27-70
category#android.intent.category.DEFAULT
ADDED from Administrator\Launcher3_gz\AndroidManifest.xml:95:17-76
	android:name
		ADDED from Administrator\Launcher3_gz\AndroidManifest.xml:95:27-73
category#android.intent.category.MONKEY
ADDED from Administrator\Launcher3_gz\AndroidManifest.xml:96:17-74
	android:name
		ADDED from Administrator\Launcher3_gz\AndroidManifest.xml:96:27-72
category#android.intent.category.LAUNCHER
ADDED from Administrator\Launcher3_gz\AndroidManifest.xml:97:17-77
	android:name
		ADDED from Administrator\Launcher3_gz\AndroidManifest.xml:97:27-74
activity#com.android.launcher3.ToggleWeightWatcher
ADDED from Administrator\Launcher3_gz\AndroidManifest.xml:101:9-111:20
	android:enabled
		ADDED from Administrator\Launcher3_gz\AndroidManifest.xml:104:13-57
	android:label
		ADDED from Administrator\Launcher3_gz\AndroidManifest.xml:103:13-58
	android:icon
		ADDED from Administrator\Launcher3_gz\AndroidManifest.xml:105:13-52
	android:name
		ADDED from Administrator\Launcher3_gz\AndroidManifest.xml:102:13-69
intent-filter#android.intent.category.DEFAULT+android.intent.category.LAUNCHER
ADDED from Administrator\Launcher3_gz\AndroidManifest.xml:106:13-110:29
activity#com.android.launcher3.LauncherWallpaperPickerActivity
ADDED from Administrator\Launcher3_gz\AndroidManifest.xml:113:9-124:20
	android:finishOnCloseSystemDialogs
		ADDED from Administrator\Launcher3_gz\AndroidManifest.xml:118:13-54
	android:process
		ADDED from Administrator\Launcher3_gz\AndroidManifest.xml:119:13-49
	android:label
		ADDED from Administrator\Launcher3_gz\AndroidManifest.xml:116:13-51
	android:icon
		ADDED from Administrator\Launcher3_gz\AndroidManifest.xml:117:13-57
	android:theme
		ADDED from Administrator\Launcher3_gz\AndroidManifest.xml:115:13-57
	android:name
		ADDED from Administrator\Launcher3_gz\AndroidManifest.xml:114:13-81
intent-filter#android.intent.action.SET_WALLPAPER+android.intent.category.DEFAULT
ADDED from Administrator\Launcher3_gz\AndroidManifest.xml:120:13-123:29
action#android.intent.action.SET_WALLPAPER
ADDED from Administrator\Launcher3_gz\AndroidManifest.xml:121:17-78
	android:name
		ADDED from Administrator\Launcher3_gz\AndroidManifest.xml:121:25-75
activity#com.android.launcher3.WallpaperCropActivity
ADDED from Administrator\Launcher3_gz\AndroidManifest.xml:126:9-138:20
	android:finishOnCloseSystemDialogs
		ADDED from Administrator\Launcher3_gz\AndroidManifest.xml:131:13-54
	android:process
		ADDED from Administrator\Launcher3_gz\AndroidManifest.xml:132:13-49
	android:label
		ADDED from Administrator\Launcher3_gz\AndroidManifest.xml:129:13-51
	android:icon
		ADDED from Administrator\Launcher3_gz\AndroidManifest.xml:130:13-57
	android:theme
		ADDED from Administrator\Launcher3_gz\AndroidManifest.xml:128:13-58
	android:name
		ADDED from Administrator\Launcher3_gz\AndroidManifest.xml:127:13-71
intent-filter#android.intent.category.DEFAULT+android.service.wallpaper.CROP_AND_SET_WALLPAPER
ADDED from Administrator\Launcher3_gz\AndroidManifest.xml:133:13-137:29
action#android.service.wallpaper.CROP_AND_SET_WALLPAPER
ADDED from Administrator\Launcher3_gz\AndroidManifest.xml:134:17-91
	android:name
		ADDED from Administrator\Launcher3_gz\AndroidManifest.xml:134:25-88
data
ADDED from Administrator\Launcher3_gz\AndroidManifest.xml:136:17-52
	android:mimeType
		ADDED from Administrator\Launcher3_gz\AndroidManifest.xml:136:23-49
activity#com.android.launcher3.MemoryDumpActivity
ADDED from Administrator\Launcher3_gz\AndroidManifest.xml:141:9-154:20
	android:enabled
		ADDED from Administrator\Launcher3_gz\AndroidManifest.xml:145:13-57
	android:label
		ADDED from Administrator\Launcher3_gz\AndroidManifest.xml:144:13-58
	android:excludeFromRecents
		ADDED from Administrator\Launcher3_gz\AndroidManifest.xml:146:13-46
	android:icon
		ADDED from Administrator\Launcher3_gz\AndroidManifest.xml:147:13-52
	android:theme
		ADDED from Administrator\Launcher3_gz\AndroidManifest.xml:143:13-59
	android:name
		ADDED from Administrator\Launcher3_gz\AndroidManifest.xml:142:13-68
service#com.android.launcher3.MemoryTracker
ADDED from Administrator\Launcher3_gz\AndroidManifest.xml:156:9-159:19
	android:enabled
		ADDED from Administrator\Launcher3_gz\AndroidManifest.xml:157:13-57
	android:name
		ADDED from Administrator\Launcher3_gz\AndroidManifest.xml:156:18-68
receiver#com.android.launcher3.WallpaperChangedReceiver
ADDED from Administrator\Launcher3_gz\AndroidManifest.xml:161:9-166:20
	android:name
		ADDED from Administrator\Launcher3_gz\AndroidManifest.xml:162:13-74
intent-filter#android.intent.action.WALLPAPER_CHANGED
ADDED from Administrator\Launcher3_gz\AndroidManifest.xml:163:13-165:29
action#android.intent.action.WALLPAPER_CHANGED
ADDED from Administrator\Launcher3_gz\AndroidManifest.xml:164:17-82
	android:name
		ADDED from Administrator\Launcher3_gz\AndroidManifest.xml:164:25-79
receiver#com.android.launcher3.InstallShortcutReceiver
ADDED from Administrator\Launcher3_gz\AndroidManifest.xml:169:9-175:20
	android:permission
		ADDED from Administrator\Launcher3_gz\AndroidManifest.xml:171:13-82
	android:name
		ADDED from Administrator\Launcher3_gz\AndroidManifest.xml:170:13-73
intent-filter#com.android.launcher.action.INSTALL_SHORTCUT
ADDED from Administrator\Launcher3_gz\AndroidManifest.xml:172:13-174:29
action#com.android.launcher.action.INSTALL_SHORTCUT
ADDED from Administrator\Launcher3_gz\AndroidManifest.xml:173:17-87
	android:name
		ADDED from Administrator\Launcher3_gz\AndroidManifest.xml:173:25-84
receiver#com.android.launcher3.UninstallShortcutReceiver
ADDED from Administrator\Launcher3_gz\AndroidManifest.xml:178:9-184:20
	android:permission
		ADDED from Administrator\Launcher3_gz\AndroidManifest.xml:180:13-84
	android:name
		ADDED from Administrator\Launcher3_gz\AndroidManifest.xml:179:13-75
intent-filter#com.android.launcher.action.UNINSTALL_SHORTCUT
ADDED from Administrator\Launcher3_gz\AndroidManifest.xml:181:13-183:29
action#com.android.launcher.action.UNINSTALL_SHORTCUT
ADDED from Administrator\Launcher3_gz\AndroidManifest.xml:182:17-89
	android:name
		ADDED from Administrator\Launcher3_gz\AndroidManifest.xml:182:25-86
receiver#com.android.launcher3.AppWidgetsRestoredReceiver
ADDED from Administrator\Launcher3_gz\AndroidManifest.xml:187:9-191:20
	android:name
		ADDED from Administrator\Launcher3_gz\AndroidManifest.xml:187:19-82
intent-filter#android.appwidget.action.APPWIDGET_HOST_RESTORED
ADDED from Administrator\Launcher3_gz\AndroidManifest.xml:188:13-190:29
action#android.appwidget.action.APPWIDGET_HOST_RESTORED
ADDED from Administrator\Launcher3_gz\AndroidManifest.xml:189:17-90
	android:name
		ADDED from Administrator\Launcher3_gz\AndroidManifest.xml:189:25-88
receiver#com.android.launcher3.UserInitializeReceiver
ADDED from Administrator\Launcher3_gz\AndroidManifest.xml:194:9-200:20
	android:exported
		ADDED from Administrator\Launcher3_gz\AndroidManifest.xml:196:13-37
	android:name
		ADDED from Administrator\Launcher3_gz\AndroidManifest.xml:195:13-72
intent-filter#android.intent.action.USER_INITIALIZE
ADDED from Administrator\Launcher3_gz\AndroidManifest.xml:197:13-199:29
action#android.intent.action.USER_INITIALIZE
ADDED from Administrator\Launcher3_gz\AndroidManifest.xml:198:17-80
	android:name
		ADDED from Administrator\Launcher3_gz\AndroidManifest.xml:198:25-77
receiver#com.android.launcher3.PackageChangedReceiver
ADDED from Administrator\Launcher3_gz\AndroidManifest.xml:202:9-209:20
	android:name
		ADDED from Administrator\Launcher3_gz\AndroidManifest.xml:202:19-78
intent-filter#android.intent.action.PACKAGE_CHANGED+android.intent.action.PACKAGE_REMOVED+android.intent.action.PACKAGE_REPLACED
ADDED from Administrator\Launcher3_gz\AndroidManifest.xml:203:13-208:29
action#android.intent.action.PACKAGE_CHANGED
ADDED from Administrator\Launcher3_gz\AndroidManifest.xml:204:17-79
	android:name
		ADDED from Administrator\Launcher3_gz\AndroidManifest.xml:204:25-77
action#android.intent.action.PACKAGE_REPLACED
ADDED from Administrator\Launcher3_gz\AndroidManifest.xml:205:17-80
	android:name
		ADDED from Administrator\Launcher3_gz\AndroidManifest.xml:205:25-78
action#android.intent.action.PACKAGE_REMOVED
ADDED from Administrator\Launcher3_gz\AndroidManifest.xml:206:17-79
	android:name
		ADDED from Administrator\Launcher3_gz\AndroidManifest.xml:206:25-77
receiver#com.android.launcher3.StartupReceiver
ADDED from Administrator\Launcher3_gz\AndroidManifest.xml:211:9-215:20
	android:name
		ADDED from Administrator\Launcher3_gz\AndroidManifest.xml:211:19-71
intent-filter#android.intent.action.BOOT_COMPLETED
ADDED from Administrator\Launcher3_gz\AndroidManifest.xml:212:13-214:29
action#android.intent.action.BOOT_COMPLETED
ADDED from Administrator\Launcher3_gz\AndroidManifest.xml:213:17-79
	android:name
		ADDED from Administrator\Launcher3_gz\AndroidManifest.xml:213:25-76
provider#com.android.launcher3.LauncherProvider
ADDED from Administrator\Launcher3_gz\AndroidManifest.xml:218:9-223:90
	android:readPermission
		ADDED from Administrator\Launcher3_gz\AndroidManifest.xml:223:13-87
	android:authorities
		ADDED from Administrator\Launcher3_gz\AndroidManifest.xml:220:13-68
	android:exported
		ADDED from Administrator\Launcher3_gz\AndroidManifest.xml:221:13-36
	android:name
		ADDED from Administrator\Launcher3_gz\AndroidManifest.xml:219:13-66
	android:writePermission
		ADDED from Administrator\Launcher3_gz\AndroidManifest.xml:222:13-89
meta-data#android.nfc.disable_beam_default
ADDED from Administrator\Launcher3_gz\AndroidManifest.xml:225:9-226:47
	android:value
		ADDED from Administrator\Launcher3_gz\AndroidManifest.xml:226:24-44
	android:name
		ADDED from Administrator\Launcher3_gz\AndroidManifest.xml:225:20-67